<?xml version="1.0" encoding="UTF-8"?>
<!-- Generated by org.testng.reporters.JUnitXMLReporter -->
<testsuite ignored="0" hostname="RAMESH-FIN25" failures="1" tests="4" name="ErrorMessageVerification" time="22.271" errors="0" timestamp="2024-11-06T13:15:45 IST">
  <testcase classname="Frameworks.ErrorValidation" name="LoginError" time="1.978">
    <skipped/>
  </testcase> <!-- LoginError -->
  <testcase classname="Frameworks.ErrorValidation" name="LoginError" time="1.949">
    <skipped/>
  </testcase> <!-- LoginError -->
  <testcase classname="Frameworks.ErrorValidation" name="LoginError" time="2.944">
    <failure type="java.lang.AssertionError" message="expected [Incorrect email  password.] but found [Incorrect email or password.]">
      <![CDATA[java.lang.AssertionError: expected [Incorrect email  password.] but found [Incorrect email or password.]
at Frameworks.ErrorValidation.LoginError(ErrorValidation.java:30)
at java.base/java.util.ArrayList.forEach(ArrayList.java:1511)
... Removed 37 stack frames]]>
    </failure>
  </testcase> <!-- LoginError -->
  <testcase classname="Frameworks.ErrorValidation" name="ProductError" time="6.039"/>
</testsuite> <!-- ErrorMessageVerification -->
