<?xml version="1.0" encoding="UTF-8"?>
<!-- Generated by org.testng.reporters.JUnitXMLReporter -->
<testsuite ignored="0" hostname="RAMESH-FIN25" failures="0" tests="4" name="Test" time="35.485" errors="0" timestamp="2024-11-06T13:15:22 IST">
  <testcase classname="Frameworks.POM" name="OrderPlacement" time="9.052"/>
  <testcase classname="Frameworks.POM" name="OrderPlacement" time="7.56"/>
  <testcase classname="Frameworks.POM" name="OrderPage" time="3.458"/>
  <testcase classname="Frameworks.POM" name="OrderPage" time="2.204"/>
</testsuite> <!-- Test -->
